<?xml version="1.0" encoding="UTF-8"?>
<testsuite xmlns:xsi="http://www.w3.org/2001/XMLSchema-instance" xsi:noNamespaceSchemaLocation="https://maven.apache.org/surefire/maven-surefire-plugin/xsd/surefire-test-report-3.0.xsd" version="3.0" name="com.notebook.render.CommonMarkRendererTest" time="0.028" tests="3" errors="0" skipped="0" failures="0">
  <properties>
[...]
</properties>
  <testcase name="renderToHtml_emptyInput_returnsEmptyString" classname="com.notebook.render.CommonMarkRendererTest" time="0.015"/>
  <testcase name="renderToHtml_standardMarkdown_rendersHeadersAndParagraphs" classname="com.notebook.render.CommonMarkRendererTest" time="0.005"/>
  <testcase name="renderToHtml_gfmTableExtension_rendersHtmlTable" classname="com.notebook.render.CommonMarkRendererTest" time="0.001"/>
</testsuite>